DB2_Phase3/app/build/intermediates/manifest_merge_blame_file/debug/manifest-merger-blame-debug-report.txt
1<?xml version="1.0" encoding="utf-8"?>
2<manifest xmlns:android="http://schemas.android.com/apk/res/android"
3    package="com.example.db2"
4    android:versionCode="1"
5    android:versionName="1.0" >
6
7    <uses-sdk
8        android:minSdkVersion="16"
8-->src\main\AndroidManifest.xml
9        android:targetSdkVersion="29" />
9-->src\main\AndroidManifest.xml
10
11    <uses-permission android:name="android.permission.INTERNET" />
11-->src\main\AndroidManifest.xml:5:5-67
11-->src\main\AndroidManifest.xml:5:22-64
12
13    <application
13-->src\main\AndroidManifest.xml:7:5-41:19
14        android:allowBackup="true"
14-->src\main\AndroidManifest.xml:8:9-35
15        android:appComponentFactory="androidx.core.app.CoreComponentFactory"
15-->[androidx.core:core:1.0.1] AndroidManifest.xml:22:18-86
16        android:debuggable="true"
17        android:icon="@mipmap/ic_launcher"
17-->src\main\AndroidManifest.xml:9:9-43
18        android:label="@string/app_name"
18-->src\main\AndroidManifest.xml:10:9-41
19        android:roundIcon="@mipmap/ic_launcher_round"
19-->src\main\AndroidManifest.xml:11:9-54
20        android:supportsRtl="true"
20-->src\main\AndroidManifest.xml:12:9-35
21        android:testOnly="true"
22        android:theme="@style/AppTheme"
22-->src\main\AndroidManifest.xml:13:9-40
23        android:usesCleartextTraffic="true" >
23-->src\main\AndroidManifest.xml:14:9-44
24        <activity android:name="com.example.db2.EditStudentInfo" />
24-->src\main\AndroidManifest.xml:15:9-62
24-->src\main\AndroidManifest.xml:15:19-50
25        <activity android:name="com.example.db2.EditSelectStudent" />
25-->src\main\AndroidManifest.xml:16:9-55
25-->src\main\AndroidManifest.xml:16:19-52
26        <activity android:name="com.example.db2.StudentRegistration" />
26-->src\main\AndroidManifest.xml:17:9-57
26-->src\main\AndroidManifest.xml:17:19-54
27        <activity android:name="com.example.db2.ParentRegistration" />
27-->src\main\AndroidManifest.xml:18:9-56
27-->src\main\AndroidManifest.xml:18:19-53
28        <activity android:name="com.example.db2.EditEmailStudent" />
28-->src\main\AndroidManifest.xml:19:9-54
28-->src\main\AndroidManifest.xml:19:19-51
29        <activity android:name="com.example.db2.EditEmailParent" />
29-->src\main\AndroidManifest.xml:20:9-53
29-->src\main\AndroidManifest.xml:20:19-50
30        <activity android:name="com.example.db2.EditEmailAdmin" />
30-->src\main\AndroidManifest.xml:21:9-52
30-->src\main\AndroidManifest.xml:21:19-49
31        <activity android:name="com.example.db2.EditPhoneAdmin" />
31-->src\main\AndroidManifest.xml:22:9-52
31-->src\main\AndroidManifest.xml:22:19-49
32        <activity android:name="com.example.db2.EditPhoneParent" />
32-->src\main\AndroidManifest.xml:23:9-53
32-->src\main\AndroidManifest.xml:23:19-50
33        <activity android:name="com.example.db2.EditPhoneStudent" />
33-->src\main\AndroidManifest.xml:24:9-54
33-->src\main\AndroidManifest.xml:24:19-51
34        <activity android:name="com.example.db2.EditPasswordAdmin" />
34-->src\main\AndroidManifest.xml:25:9-55
34-->src\main\AndroidManifest.xml:25:19-52
35        <activity android:name="com.example.db2.EditPasswordParent" />
35-->src\main\AndroidManifest.xml:26:9-56
35-->src\main\AndroidManifest.xml:26:19-53
36        <activity android:name="com.example.db2.EditPasswordStudent" />
36-->src\main\AndroidManifest.xml:27:9-57
36-->src\main\AndroidManifest.xml:27:19-54
37        <activity android:name="com.example.db2.PageStudent" />
37-->src\main\AndroidManifest.xml:28:9-49
37-->src\main\AndroidManifest.xml:28:19-46
38        <activity android:name="com.example.db2.SignInStudent" />
38-->src\main\AndroidManifest.xml:29:9-51
38-->src\main\AndroidManifest.xml:29:19-48
39        <activity android:name="com.example.db2.PageParent" />
39-->src\main\AndroidManifest.xml:30:9-48
39-->src\main\AndroidManifest.xml:30:19-45
40        <activity android:name="com.example.db2.SignInParent" />
40-->src\main\AndroidManifest.xml:31:9-50
40-->src\main\AndroidManifest.xml:31:19-47
41        <activity android:name="com.example.db2.SignInAdmin" />
41-->src\main\AndroidManifest.xml:32:9-49
41-->src\main\AndroidManifest.xml:32:19-46
42        <activity android:name="com.example.db2.PageAdmin" />
42-->src\main\AndroidManifest.xml:33:9-47
42-->src\main\AndroidManifest.xml:33:19-44
43        <activity android:name="com.example.db2.MainActivity" >
43-->src\main\AndroidManifest.xml:34:9-40:20
43-->src\main\AndroidManifest.xml:34:19-47
44            <intent-filter>
44-->src\main\AndroidManifest.xml:35:13-39:29
45                <action android:name="android.intent.action.MAIN" />
45-->src\main\AndroidManifest.xml:36:17-69
45-->src\main\AndroidManifest.xml:36:25-66
46
47                <category android:name="android.intent.category.LAUNCHER" />
47-->src\main\AndroidManifest.xml:38:17-77
47-->src\main\AndroidManifest.xml:38:27-74
48            </intent-filter>
49        </activity>
50    </application>
51
52</manifest>